<?xml version="1.0" encoding="UTF-8"?>
<!-- Generated by org.testng.reporters.JUnitReportReporter -->
<testsuite hostname="LAPTOP-C20A8BSU" failures="0" tests="1" name="com.qa.testLayer.Contact_usPageTest" time="20.941" errors="0" timestamp="2022-10-29T08:52:23 IST" skipped="0">
  <testcase classname="com.qa.testLayer.Contact_usPageTest" name="verifyContactusPageFunctionality" time="20.941"/>
  <system-out/>
</testsuite> <!-- com.qa.testLayer.Contact_usPageTest -->
