<?xml version="1.0" encoding="UTF-8"?>
<!-- Generated by org.testng.reporters.JUnitReportReporter -->
<testsuite hostname="LAPTOP-C20A8BSU" failures="0" tests="1" name="com.qa.testLayer.LoginPageTest" time="9.227" errors="0" timestamp="2022-11-04T07:47:03 IST" skipped="0">
  <testcase classname="com.qa.testLayer.LoginPageTest" name="verifyLoginPageFunctionality" time="9.227"/>
  <system-out/>
</testsuite> <!-- com.qa.testLayer.LoginPageTest -->
