<?xml version="1.0" encoding="UTF-8"?>
<!-- Generated by org.testng.reporters.JUnitReportReporter -->
<testsuite hostname="LAPTOP-C20A8BSU" failures="0" tests="1" name="com.qa.testLayer.ExchangePageTest" time="20.873" errors="0" timestamp="2022-10-12T09:13:20 IST" skipped="0">
  <testcase classname="com.qa.testLayer.ExchangePageTest" name="verifyExchangePageFunctionality" time="20.873"/>
  <system-out/>
</testsuite> <!-- com.qa.testLayer.ExchangePageTest -->
